-------------------------------------------------------------------------------
Test set: com.restaurantsaas.platform.MvpIntegrationFlowTest
-------------------------------------------------------------------------------
Tests run: 1, Failures: 1, Errors: 0, Skipped: 0, Time elapsed: 14.92 s <<< FAILURE! -- in com.restaurantsaas.platform.MvpIntegrationFlowTest
com.restaurantsaas.platform.MvpIntegrationFlowTest.testCompleteRestaurantOnboardingAndPosBillingFlow -- Time elapsed: 1.991 s <<< FAILURE!
java.lang.AssertionError: Status expected:<201> but was:<400>
	at org.springframework.test.util.AssertionErrors.fail(AssertionErrors.java:59)
	at org.springframework.test.util.AssertionErrors.assertEquals(AssertionErrors.java:122)
	at org.springframework.test.web.servlet.result.StatusResultMatchers.lambda$matcher$9(StatusResultMatchers.java:637)
	at org.springframework.test.web.servlet.MockMvc$1.andExpect(MockMvc.java:214)
	at com.restaurantsaas.platform.MvpIntegrationFlowTest.testCompleteRestaurantOnboardingAndPosBillingFlow(MvpIntegrationFlowTest.java:199)
	at java.base/java.lang.reflect.Method.invoke(Method.java:580)
	at java.base/java.util.ArrayList.forEach(ArrayList.java:1596)
	at java.base/java.util.ArrayList.forEach(ArrayList.java:1596)

