<?xml version="1.0" encoding="UTF-8"?>
<testsuite xmlns:xsi="http://www.w3.org/2001/XMLSchema-instance" xsi:noNamespaceSchemaLocation="https://maven.apache.org/surefire/maven-surefire-plugin/xsd/surefire-test-report-3.0.xsd" version="3.0" name="com.restaurantsaas.platform.MvpIntegrationFlowTest" time="14.918" tests="1" errors="0" skipped="0" failures="1">
  <properties>
[...]
</properties>
  <testcase name="testCompleteRestaurantOnboardingAndPosBillingFlow" classname="com.restaurantsaas.platform.MvpIntegrationFlowTest" time="1.991">
    <failure message="Status expected:&lt;201&gt; but was:&lt;400&gt;" type="java.lang.AssertionError"><![CDATA[java.lang.AssertionError: Status expected:<201> but was:<400>
	at org.springframework.test.util.AssertionErrors.fail(AssertionErrors.java:59)
	at org.springframework.test.util.AssertionErrors.assertEquals(AssertionErrors.java:122)
	at org.springframework.test.web.servlet.result.StatusResultMatchers.lambda$matcher$9(StatusResultMatchers.java:637)
	at org.springframework.test.web.servlet.MockMvc$1.andExpect(MockMvc.java:214)
	at com.restaurantsaas.platform.MvpIntegrationFlowTest.testCompleteRestaurantOnboardingAndPosBillingFlow(MvpIntegrationFlowTest.java:199)
	at java.base/java.lang.reflect.Method.invoke(Method.java:580)
	at java.base/java.util.ArrayList.forEach(ArrayList.java:1596)
	at java.base/java.util.ArrayList.forEach(ArrayList.java:1596)
]]></failure>
    <system-out><![CDATA[05:03:41.316 [main] INFO org.springframework.test.context.support.AnnotationConfigContextLoaderUtils -- Could not detect default configuration classes for test class [com.restaurantsaas.platform.MvpIntegrationFlowTest]: MvpIntegrationFlowTest does not declare any static, non-private, non-final, nested classes annotated with @Configuration.
05:03:41.538 [main] INFO org.springframework.boot.test.context.SpringBootTestContextBootstrapper -- Found @SpringBootConfiguration com.restaurantsaas.platform.RestaurantSaaSApplication for test class com.restaurantsaas.platform.MvpIntegrationFlowTest

  .   ____          _            __ _ _
 /\\ / ___'_ __ _ _(_)_ __  __ _ \ \ \ \
( ( )\___ | '_ | '_| | '_ \/ _` | \ \ \ \
 \\/  ___)| |_)| | | | | || (_| |  ) ) ) )
  '  |____| .__|_| |_|_| |_\__, | / / / /
 =========|_|==============|___/=/_/_/_/

 :: Spring Boot ::                (v3.3.4)

2026-09-25T05:03:42.337Z  INFO 3069 --- [restaurant-saas-platform] [           main] c.r.platform.MvpIntegrationFlowTest      : Starting MvpIntegrationFlowTest using Java 21.0.12.1 with PID 3069 (started by root in /workspace/backend)
2026-09-25T05:03:42.338Z  INFO 3069 --- [restaurant-saas-platform] [           main] c.r.platform.MvpIntegrationFlowTest      : The following 1 profile is active: "test"
2026-09-25T05:03:47.107Z  WARN 3069 --- [restaurant-saas-platform] [           main] org.hibernate.orm.deprecation            : HHH90000025: H2Dialect does not need to be specified explicitly using 'hibernate.dialect' (remove the property setting and it will be selected by default)
2026-09-25T05:03:50.515Z  WARN 3069 --- [restaurant-saas-platform] [           main] r$InitializeUserDetailsManagerConfigurer : Global AuthenticationManager configured with an AuthenticationProvider bean. UserDetailsService beans will not be used for username/password login. Consider removing the AuthenticationProvider bean. Alternatively, consider using the UserDetailsService in a manually instantiated DaoAuthenticationProvider.
2026-09-25T05:03:51.440Z  WARN 3069 --- [restaurant-saas-platform] [           main] JpaBaseConfiguration$JpaWebConfiguration : spring.jpa.open-in-view is enabled by default. Therefore, database queries may be performed during view rendering. Explicitly configure spring.jpa.open-in-view to disable this warning
2026-09-25T05:03:53.824Z  INFO 3069 --- [restaurant-saas-platform] [           main] c.r.platform.MvpIntegrationFlowTest      : Started MvpIntegrationFlowTest in 12.097 seconds (process running for 17.388)
2026-09-25T05:03:55.739Z  INFO 3069 --- [restaurant-saas-platform] [           main] c.r.p.service.NotificationService        : Broadcasting ORDER_CREATED event to /topic/tenant/8e39d84a-521a-43d4-bde0-0528ce5b6ce9/branch/59f31db5-b98f-4ef6-b0a8-5f2d0f0479e3/orders
2026-09-25T05:03:55.812Z  INFO 3069 --- [restaurant-saas-platform] [           main] c.r.p.service.NotificationService        : Broadcasting KOT_UPDATED event to /topic/tenant/8e39d84a-521a-43d4-bde0-0528ce5b6ce9/branch/59f31db5-b98f-4ef6-b0a8-5f2d0f0479e3/kot
2026-09-25T05:03:56.004Z  WARN 3069 --- [restaurant-saas-platform] [           main] c.r.platform.service.PaymentService      : Gateway verification failed for order 10da6f05-2eda-4bb4-b6a4-f7642da6d07d: No payment gateway is configured for this deployment. Online payments are disabled until a PaymentGatewayProvider (e.g. Stripe/Razorpay) is registered.
2026-09-25T05:03:56.009Z  WARN 3069 --- [restaurant-saas-platform] [           main] c.r.p.c.e.GlobalExceptionHandler         : API Exception [400 BAD_REQUEST]: Payment could not be verified: No payment gateway is configured for this deployment. Online payments are disabled until a PaymentGatewayProvider (e.g. Stripe/Razorpay) is registered.

MockHttpServletRequest:
      HTTP Method = POST
      Request URI = /auth/register-restaurant
       Parameters = {}
          Headers = [Content-Type:"application/json;charset=UTF-8", Content-Length:"284"]
             Body = {
  "restaurantName" : "Gourmet Express",
  "slug" : "gourmet-express-1790312634407",
  "ownerName" : "Gordon Ramsay",
  "email" : "gordon1790312634407@gourmet.com",
  "password" : "Password@123",
  "branchName" : "Central Outlet",
  "branchCode" : "CEN-01",
  "plan" : "FREE_TRIAL"
}
    Session Attrs = {}

Handler:
             Type = com.restaurantsaas.platform.controller.AuthController
           Method = com.restaurantsaas.platform.controller.AuthController#registerRestaurant(RegisterRestaurantRequest)

Async:
    Async started = false
     Async result = null

Resolved Exception:
             Type = null

ModelAndView:
        View name = null
             View = null
            Model = null

FlashMap:
       Attributes = null

MockHttpServletResponse:
           Status = 201
    Error message = null
          Headers = [Vary:"Origin", "Access-Control-Request-Method", "Access-Control-Request-Headers", Content-Type:"application/json", X-Content-Type-Options:"nosniff", X-XSS-Protection:"0", Cache-Control:"no-cache, no-store, max-age=0, must-revalidate", Pragma:"no-cache", Expires:"0", X-Frame-Options:"DENY"]
     Content type = application/json
             Body = {
  "success" : true,
  "message" : "Restaurant registered successfully",
  "data" : {
    "accessToken" : "eyJhbGciOiJIUzM4NCJ9.eyJzdWIiOiJnb3Jkb24xNzkwMzEyNjM0NDA3QGdvdXJtZXQuY29tIiwiaXNzIjoicmVzdGF1cmFudC1zYWFzLXBsYXRmb3JtIiwiaWF0IjoxNzkwMzEyNjM1LCJleHAiOjE3OTAzOTkwMzUsInVzZXJJZCI6IjQ5ZWJhMDdkLTM1NDQtNGI5Ni04MGQwLTVlZWFkNzUyZmVhZSIsInJvbGUiOiJSRVNUQVVSQU5UX09XTkVSIiwiZnVsbE5hbWUiOiJHb3Jkb24gUmFtc2F5IiwidGVuYW50SWQiOiI4ZTM5ZDg0YS01MjFhLTQzZDQtYmRlMC0wNTI4Y2U1YjZjZTkiLCJicmFuY2hJZCI6IjU5ZjMxZGI1LWI5OGYtNGVmNi1iMGE4LTVmMmQwZjA0NzllMyJ9.VISFoH3gS9Pja1rGqOZv9I9dsXdJnKVyUnLdDh_LjgctwQwIgcowCAxlh6fXu2l3",
    "refreshToken" : "eyJhbGciOiJIUzM4NCJ9.eyJzdWIiOiJnb3Jkb24xNzkwMzEyNjM0NDA3QGdvdXJtZXQuY29tIiwiaXNzIjoicmVzdGF1cmFudC1zYWFzLXBsYXRmb3JtIiwiaWF0IjoxNzkwMzEyNjM1LCJleHAiOjE3OTA5MTc0MzUsInVzZXJJZCI6IjQ5ZWJhMDdkLTM1NDQtNGI5Ni04MGQwLTVlZWFkNzUyZmVhZSIsInJvbGUiOiJSRVNUQVVSQU5UX09XTkVSIiwiZnVsbE5hbWUiOiJHb3Jkb24gUmFtc2F5IiwidGVuYW50SWQiOiI4ZTM5ZDg0YS01MjFhLTQzZDQtYmRlMC0wNTI4Y2U1YjZjZTkiLCJicmFuY2hJZCI6IjU5ZjMxZGI1LWI5OGYtNGVmNi1iMGE4LTVmMmQwZjA0NzllMyJ9.robM9HkiRrmGjXdCh91S0aWrOuTkn6Sr0mH3u7tRK2RLP8wCo-h6VVJVO8BTNQ9S",
    "tokenType" : "Bearer",
    "user" : {
      "id" : "49eba07d-3544-4b96-80d0-5eead752feae",
      "tenantId" : "8e39d84a-521a-43d4-bde0-0528ce5b6ce9",
      "branchId" : "59f31db5-b98f-4ef6-b0a8-5f2d0f0479e3",
      "email" : "gordon1790312634407@gourmet.com",
      "fullName" : "Gordon Ramsay",
      "primaryRole" : "RESTAURANT_OWNER",
      "createdAt" : "2026-09-25T05:03:55.138349225Z",
      "active" : true
    },
    "restaurant" : {
      "id" : "8e39d84a-521a-43d4-bde0-0528ce5b6ce9",
      "name" : "Gourmet Express",
      "slug" : "gourmet-express-1790312634407",
      "email" : "gordon1790312634407@gourmet.com",
      "subscriptionPlan" : "FREE_TRIAL",
      "subscriptionStatus" : "ACTIVE",
      "subscriptionEndsAt" : "2026-10-09T05:03:54.707797487Z",
      "createdAt" : "2026-09-25T05:03:54.711263420Z",
      "active" : true
    },
    "branch" : {
      "id" : "59f31db5-b98f-4ef6-b0a8-5f2d0f0479e3",
      "tenantId" : "8e39d84a-521a-43d4-bde0-0528ce5b6ce9",
      "name" : "Central Outlet",
      "code" : "CEN-01",
      "currency" : "INR",
      "createdAt" : "2026-09-25T05:03:54.721556897Z",
      "active" : true
    }
  },
  "timestamp" : "2026-09-25T05:03:55.152264579Z"
}
    Forwarded URL = null
   Redirected URL = null
          Cookies = []

MockHttpServletRequest:
      HTTP Method = POST
      Request URI = /menu/categories
       Parameters = {}
          Headers = [Content-Type:"application/json;charset=UTF-8", Authorization:"Bearer eyJhbGciOiJIUzM4NCJ9.eyJzdWIiOiJnb3Jkb24xNzkwMzEyNjM0NDA3QGdvdXJtZXQuY29tIiwiaXNzIjoicmVzdGF1cmFudC1zYWFzLXBsYXRmb3JtIiwiaWF0IjoxNzkwMzEyNjM1LCJleHAiOjE3OTAzOTkwMzUsInVzZXJJZCI6IjQ5ZWJhMDdkLTM1NDQtNGI5Ni04MGQwLTVlZWFkNzUyZmVhZSIsInJvbGUiOiJSRVNUQVVSQU5UX09XTkVSIiwiZnVsbE5hbWUiOiJHb3Jkb24gUmFtc2F5IiwidGVuYW50SWQiOiI4ZTM5ZDg0YS01MjFhLTQzZDQtYmRlMC0wNTI4Y2U1YjZjZTkiLCJicmFuY2hJZCI6IjU5ZjMxZGI1LWI5OGYtNGVmNi1iMGE4LTVmMmQwZjA0NzllMyJ9.VISFoH3gS9Pja1rGqOZv9I9dsXdJnKVyUnLdDh_LjgctwQwIgcowCAxlh6fXu2l3", X-Tenant-ID:"8e39d84a-521a-43d4-bde0-0528ce5b6ce9", X-Branch-ID:"59f31db5-b98f-4ef6-b0a8-5f2d0f0479e3", Content-Length:"103"]
             Body = {
  "name" : "Artisan Burgers",
  "description" : "Handcrafted gourmet burgers",
  "displayOrder" : 1
}
    Session Attrs = {}

Handler:
             Type = com.restaurantsaas.platform.controller.MenuController
           Method = com.restaurantsaas.platform.controller.MenuController#createCategory(CreateCategoryRequest)

Async:
    Async started = false
     Async result = null

Resolved Exception:
             Type = null

ModelAndView:
        View name = null
             View = null
            Model = null

FlashMap:
       Attributes = null

MockHttpServletResponse:
           Status = 201
    Error message = null
          Headers = [Vary:"Origin", "Access-Control-Request-Method", "Access-Control-Request-Headers", X-Tenant-ID:"8e39d84a-521a-43d4-bde0-0528ce5b6ce9", X-Branch-ID:"59f31db5-b98f-4ef6-b0a8-5f2d0f0479e3", Content-Type:"application/json", X-Content-Type-Options:"nosniff", X-XSS-Protection:"0", Cache-Control:"no-cache, no-store, max-age=0, must-revalidate", Pragma:"no-cache", Expires:"0", X-Frame-Options:"DENY"]
     Content type = application/json
             Body = {
  "success" : true,
  "message" : "Category created successfully",
  "data" : {
    "id" : "03da5a03-162a-4859-95de-80acb6e4b1e6",
    "tenantId" : "8e39d84a-521a-43d4-bde0-0528ce5b6ce9",
    "name" : "Artisan Burgers",
    "description" : "Handcrafted gourmet burgers",
    "displayOrder" : 1,
    "active" : true
  },
  "timestamp" : "2026-09-25T05:03:55.351963234Z"
}
    Forwarded URL = null
   Redirected URL = null
          Cookies = []

MockHttpServletRequest:
      HTTP Method = POST
      Request URI = /menu/items
       Parameters = {}
          Headers = [Content-Type:"application/json;charset=UTF-8", Authorization:"Bearer eyJhbGciOiJIUzM4NCJ9.eyJzdWIiOiJnb3Jkb24xNzkwMzEyNjM0NDA3QGdvdXJtZXQuY29tIiwiaXNzIjoicmVzdGF1cmFudC1zYWFzLXBsYXRmb3JtIiwiaWF0IjoxNzkwMzEyNjM1LCJleHAiOjE3OTAzOTkwMzUsInVzZXJJZCI6IjQ5ZWJhMDdkLTM1NDQtNGI5Ni04MGQwLTVlZWFkNzUyZmVhZSIsInJvbGUiOiJSRVNUQVVSQU5UX09XTkVSIiwiZnVsbE5hbWUiOiJHb3Jkb24gUmFtc2F5IiwidGVuYW50SWQiOiI4ZTM5ZDg0YS01MjFhLTQzZDQtYmRlMC0wNTI4Y2U1YjZjZTkiLCJicmFuY2hJZCI6IjU5ZjMxZGI1LWI5OGYtNGVmNi1iMGE4LTVmMmQwZjA0NzllMyJ9.VISFoH3gS9Pja1rGqOZv9I9dsXdJnKVyUnLdDh_LjgctwQwIgcowCAxlh6fXu2l3", X-Tenant-ID:"8e39d84a-521a-43d4-bde0-0528ce5b6ce9", X-Branch-ID:"59f31db5-b98f-4ef6-b0a8-5f2d0f0479e3", Content-Length:"208"]
             Body = {
  "categoryId" : "03da5a03-162a-4859-95de-80acb6e4b1e6",
  "name" : "Truffle Mushroom Burger",
  "price" : 350.00,
  "taxRate" : 5.00,
  "preparationTimeMinutes" : 15,
  "veg" : true,
  "available" : true
}
    Session Attrs = {}

Handler:
             Type = com.restaurantsaas.platform.controller.MenuController
           Method = com.restaurantsaas.platform.controller.MenuController#createMenuItem(CreateMenuItemRequest)

Async:
    Async started = false
     Async result = null

Resolved Exception:
             Type = null

ModelAndView:
        View name = null
             View = null
            Model = null

FlashMap:
       Attributes = null

MockHttpServletResponse:
           Status = 201
    Error message = null
          Headers = [Vary:"Origin", "Access-Control-Request-Method", "Access-Control-Request-Headers", X-Tenant-ID:"8e39d84a-521a-43d4-bde0-0528ce5b6ce9", X-Branch-ID:"59f31db5-b98f-4ef6-b0a8-5f2d0f0479e3", Content-Type:"application/json", X-Content-Type-Options:"nosniff", X-XSS-Protection:"0", Cache-Control:"no-cache, no-store, max-age=0, must-revalidate", Pragma:"no-cache", Expires:"0", X-Frame-Options:"DENY"]
     Content type = application/json
             Body = {
  "success" : true,
  "message" : "Menu item created successfully",
  "data" : {
    "id" : "bd001c38-52d7-4041-8504-d71c5cbec7e2",
    "tenantId" : "8e39d84a-521a-43d4-bde0-0528ce5b6ce9",
    "categoryId" : "03da5a03-162a-4859-95de-80acb6e4b1e6",
    "categoryName" : "Artisan Burgers",
    "name" : "Truffle Mushroom Burger",
    "price" : 350.00,
    "taxRate" : 5.00,
    "preparationTimeMinutes" : 15,
    "veg" : true,
    "available" : true
  },
  "timestamp" : "2026-09-25T05:03:55.430321867Z"
}
    Forwarded URL = null
   Redirected URL = null
          Cookies = []

MockHttpServletRequest:
      HTTP Method = POST
      Request URI = /tables
       Parameters = {}
          Headers = [Content-Type:"application/json;charset=UTF-8", Authorization:"Bearer eyJhbGciOiJIUzM4NCJ9.eyJzdWIiOiJnb3Jkb24xNzkwMzEyNjM0NDA3QGdvdXJtZXQuY29tIiwiaXNzIjoicmVzdGF1cmFudC1zYWFzLXBsYXRmb3JtIiwiaWF0IjoxNzkwMzEyNjM1LCJleHAiOjE3OTAzOTkwMzUsInVzZXJJZCI6IjQ5ZWJhMDdkLTM1NDQtNGI5Ni04MGQwLTVlZWFkNzUyZmVhZSIsInJvbGUiOiJSRVNUQVVSQU5UX09XTkVSIiwiZnVsbE5hbWUiOiJHb3Jkb24gUmFtc2F5IiwidGVuYW50SWQiOiI4ZTM5ZDg0YS01MjFhLTQzZDQtYmRlMC0wNTI4Y2U1YjZjZTkiLCJicmFuY2hJZCI6IjU5ZjMxZGI1LWI5OGYtNGVmNi1iMGE4LTVmMmQwZjA0NzllMyJ9.VISFoH3gS9Pja1rGqOZv9I9dsXdJnKVyUnLdDh_LjgctwQwIgcowCAxlh6fXu2l3", X-Tenant-ID:"8e39d84a-521a-43d4-bde0-0528ce5b6ce9", X-Branch-ID:"59f31db5-b98f-4ef6-b0a8-5f2d0f0479e3", Content-Length:"71"]
             Body = {
  "tableNumber" : "T-10",
  "section" : "Terrace",
  "capacity" : 4
}
    Session Attrs = {}

Handler:
             Type = com.restaurantsaas.platform.controller.TableController
           Method = com.restaurantsaas.platform.controller.TableController#createTable(CreateTableRequest)

Async:
    Async started = false
     Async result = null

Resolved Exception:
             Type = null

ModelAndView:
        View name = null
             View = null
            Model = null

FlashMap:
       Attributes = null

MockHttpServletResponse:
           Status = 201
    Error message = null
          Headers = [Vary:"Origin", "Access-Control-Request-Method", "Access-Control-Request-Headers", X-Tenant-ID:"8e39d84a-521a-43d4-bde0-0528ce5b6ce9", X-Branch-ID:"59f31db5-b98f-4ef6-b0a8-5f2d0f0479e3", Content-Type:"application/json", X-Content-Type-Options:"nosniff", X-XSS-Protection:"0", Cache-Control:"no-cache, no-store, max-age=0, must-revalidate", Pragma:"no-cache", Expires:"0", X-Frame-Options:"DENY"]
     Content type = application/json
             Body = {
  "success" : true,
  "message" : "Table created successfully",
  "data" : {
    "id" : "ec75dcd6-99d6-43e2-84fd-f54237e6b82b",
    "tenantId" : "8e39d84a-521a-43d4-bde0-0528ce5b6ce9",
    "branchId" : "59f31db5-b98f-4ef6-b0a8-5f2d0f0479e3",
    "tableNumber" : "T-10",
    "section" : "Terrace",
    "capacity" : 4,
    "status" : "AVAILABLE",
    "qrCodeToken" : "qr-98a56a70",
    "active" : true
  },
  "timestamp" : "2026-09-25T05:03:55.518690593Z"
}
    Forwarded URL = null
   Redirected URL = null
          Cookies = []

MockHttpServletRequest:
      HTTP Method = POST
      Request URI = /orders
       Parameters = {}
          Headers = [Content-Type:"application/json;charset=UTF-8", Authorization:"Bearer eyJhbGciOiJIUzM4NCJ9.eyJzdWIiOiJnb3Jkb24xNzkwMzEyNjM0NDA3QGdvdXJtZXQuY29tIiwiaXNzIjoicmVzdGF1cmFudC1zYWFzLXBsYXRmb3JtIiwiaWF0IjoxNzkwMzEyNjM1LCJleHAiOjE3OTAzOTkwMzUsInVzZXJJZCI6IjQ5ZWJhMDdkLTM1NDQtNGI5Ni04MGQwLTVlZWFkNzUyZmVhZSIsInJvbGUiOiJSRVNUQVVSQU5UX09XTkVSIiwiZnVsbE5hbWUiOiJHb3Jkb24gUmFtc2F5IiwidGVuYW50SWQiOiI4ZTM5ZDg0YS01MjFhLTQzZDQtYmRlMC0wNTI4Y2U1YjZjZTkiLCJicmFuY2hJZCI6IjU5ZjMxZGI1LWI5OGYtNGVmNi1iMGE4LTVmMmQwZjA0NzllMyJ9.VISFoH3gS9Pja1rGqOZv9I9dsXdJnKVyUnLdDh_LjgctwQwIgcowCAxlh6fXu2l3", X-Tenant-ID:"8e39d84a-521a-43d4-bde0-0528ce5b6ce9", X-Branch-ID:"59f31db5-b98f-4ef6-b0a8-5f2d0f0479e3", Content-Length:"273"]
             Body = {
  "orderType" : "DINE_IN",
  "tableId" : "ec75dcd6-99d6-43e2-84fd-f54237e6b82b",
  "customerName" : "John Doe",
  "notes" : "Extra crispy fries",
  "discountAmount" : 0,
  "items" : [ {
    "menuItemId" : "bd001c38-52d7-4041-8504-d71c5cbec7e2",
    "quantity" : 2
  } ]
}
    Session Attrs = {}

Handler:
             Type = com.restaurantsaas.platform.controller.OrderController
           Method = com.restaurantsaas.platform.controller.OrderController#createOrder(CreateOrderRequest, UserPrincipal)

Async:
    Async started = false
     Async result = null

Resolved Exception:
             Type = null

ModelAndView:
        View name = null
             View = null
            Model = null

FlashMap:
       Attributes = null

MockHttpServletResponse:
           Status = 201
    Error message = null
          Headers = [Vary:"Origin", "Access-Control-Request-Method", "Access-Control-Request-Headers", X-Tenant-ID:"8e39d84a-521a-43d4-bde0-0528ce5b6ce9", X-Branch-ID:"59f31db5-b98f-4ef6-b0a8-5f2d0f0479e3", Content-Type:"application/json", X-Content-Type-Options:"nosniff", X-XSS-Protection:"0", Cache-Control:"no-cache, no-store, max-age=0, must-revalidate", Pragma:"no-cache", Expires:"0", X-Frame-Options:"DENY"]
     Content type = application/json
             Body = {
  "success" : true,
  "message" : "Order placed successfully",
  "data" : {
    "id" : "10da6f05-2eda-4bb4-b6a4-f7642da6d07d",
    "tenantId" : "8e39d84a-521a-43d4-bde0-0528ce5b6ce9",
    "branchId" : "59f31db5-b98f-4ef6-b0a8-5f2d0f0479e3",
    "orderNumber" : "ORD-260925050355-265",
    "orderType" : "DINE_IN",
    "tableId" : "ec75dcd6-99d6-43e2-84fd-f54237e6b82b",
    "status" : "PLACED",
    "paymentStatus" : "UNPAID",
    "subtotal" : 700.00,
    "taxAmount" : 35.00,
    "discountAmount" : 0,
    "grandTotal" : 735.00,
    "customerName" : "John Doe",
    "notes" : "Extra crispy fries",
    "createdAt" : "2026-09-25T05:03:55.714100530Z",
    "updatedAt" : "2026-09-25T05:03:55.714100530Z",
    "items" : [ {
      "id" : "0ae247b0-c96f-4e01-a5d0-a6897f5e1c5a",
      "menuItemId" : "bd001c38-52d7-4041-8504-d71c5cbec7e2",
      "itemName" : "Truffle Mushroom Burger",
      "quantity" : 2,
      "unitPrice" : 350.00,
      "taxRate" : 5.00,
      "taxAmount" : 35.00,
      "totalPrice" : 735.00,
      "status" : "PENDING"
    } ]
  },
  "timestamp" : "2026-09-25T05:03:55.833527385Z"
}
    Forwarded URL = null
   Redirected URL = null
          Cookies = []

MockHttpServletRequest:
      HTTP Method = GET
      Request URI = /kitchen/tickets
       Parameters = {}
          Headers = [Authorization:"Bearer eyJhbGciOiJIUzM4NCJ9.eyJzdWIiOiJnb3Jkb24xNzkwMzEyNjM0NDA3QGdvdXJtZXQuY29tIiwiaXNzIjoicmVzdGF1cmFudC1zYWFzLXBsYXRmb3JtIiwiaWF0IjoxNzkwMzEyNjM1LCJleHAiOjE3OTAzOTkwMzUsInVzZXJJZCI6IjQ5ZWJhMDdkLTM1NDQtNGI5Ni04MGQwLTVlZWFkNzUyZmVhZSIsInJvbGUiOiJSRVNUQVVSQU5UX09XTkVSIiwiZnVsbE5hbWUiOiJHb3Jkb24gUmFtc2F5IiwidGVuYW50SWQiOiI4ZTM5ZDg0YS01MjFhLTQzZDQtYmRlMC0wNTI4Y2U1YjZjZTkiLCJicmFuY2hJZCI6IjU5ZjMxZGI1LWI5OGYtNGVmNi1iMGE4LTVmMmQwZjA0NzllMyJ9.VISFoH3gS9Pja1rGqOZv9I9dsXdJnKVyUnLdDh_LjgctwQwIgcowCAxlh6fXu2l3", X-Tenant-ID:"8e39d84a-521a-43d4-bde0-0528ce5b6ce9", X-Branch-ID:"59f31db5-b98f-4ef6-b0a8-5f2d0f0479e3"]
             Body = null
    Session Attrs = {}

Handler:
             Type = com.restaurantsaas.platform.controller.KitchenController
           Method = com.restaurantsaas.platform.controller.KitchenController#getActiveTickets()

Async:
    Async started = false
     Async result = null

Resolved Exception:
             Type = null

ModelAndView:
        View name = null
             View = null
            Model = null

FlashMap:
       Attributes = null

MockHttpServletResponse:
           Status = 200
    Error message = null
          Headers = [Vary:"Origin", "Access-Control-Request-Method", "Access-Control-Request-Headers", X-Tenant-ID:"8e39d84a-521a-43d4-bde0-0528ce5b6ce9", X-Branch-ID:"59f31db5-b98f-4ef6-b0a8-5f2d0f0479e3", Content-Type:"application/json", X-Content-Type-Options:"nosniff", X-XSS-Protection:"0", Cache-Control:"no-cache, no-store, max-age=0, must-revalidate", Pragma:"no-cache", Expires:"0", X-Frame-Options:"DENY"]
     Content type = application/json
             Body = {
  "success" : true,
  "message" : "Operation completed successfully",
  "data" : [ {
    "id" : "178d9f74-5907-40c5-8671-77a959e0f975",
    "tenantId" : "8e39d84a-521a-43d4-bde0-0528ce5b6ce9",
    "branchId" : "59f31db5-b98f-4ef6-b0a8-5f2d0f0479e3",
    "orderId" : "10da6f05-2eda-4bb4-b6a4-f7642da6d07d",
    "kotNumber" : "KOT-050355-70",
    "tableNumber" : "T-10",
    "orderType" : "DINE_IN",
    "status" : "PENDING",
    "itemsSummary" : "2x Truffle Mushroom Burger; ",
    "specialInstructions" : "Extra crispy fries",
    "createdAt" : "2026-09-25T05:03:55.736154Z",
    "elapsedMinutes" : 0
  } ],
  "timestamp" : "2026-09-25T05:03:55.908829733Z"
}
    Forwarded URL = null
   Redirected URL = null
          Cookies = []

MockHttpServletRequest:
      HTTP Method = POST
      Request URI = /payments/settle
       Parameters = {}
          Headers = [Content-Type:"application/json;charset=UTF-8", Authorization:"Bearer eyJhbGciOiJIUzM4NCJ9.eyJzdWIiOiJnb3Jkb24xNzkwMzEyNjM0NDA3QGdvdXJtZXQuY29tIiwiaXNzIjoicmVzdGF1cmFudC1zYWFzLXBsYXRmb3JtIiwiaWF0IjoxNzkwMzEyNjM1LCJleHAiOjE3OTAzOTkwMzUsInVzZXJJZCI6IjQ5ZWJhMDdkLTM1NDQtNGI5Ni04MGQwLTVlZWFkNzUyZmVhZSIsInJvbGUiOiJSRVNUQVVSQU5UX09XTkVSIiwiZnVsbE5hbWUiOiJHb3Jkb24gUmFtc2F5IiwidGVuYW50SWQiOiI4ZTM5ZDg0YS01MjFhLTQzZDQtYmRlMC0wNTI4Y2U1YjZjZTkiLCJicmFuY2hJZCI6IjU5ZjMxZGI1LWI5OGYtNGVmNi1iMGE4LTVmMmQwZjA0NzllMyJ9.VISFoH3gS9Pja1rGqOZv9I9dsXdJnKVyUnLdDh_LjgctwQwIgcowCAxlh6fXu2l3", X-Tenant-ID:"8e39d84a-521a-43d4-bde0-0528ce5b6ce9", X-Branch-ID:"59f31db5-b98f-4ef6-b0a8-5f2d0f0479e3", Content-Length:"148"]
             Body = {
  "orderId" : "10da6f05-2eda-4bb4-b6a4-f7642da6d07d",
  "amount" : 735.00,
  "paymentMethod" : "UPI",
  "transactionReference" : "UPI-TXN-98214"
}
    Session Attrs = {}

Handler:
             Type = com.restaurantsaas.platform.controller.PaymentController
           Method = com.restaurantsaas.platform.controller.PaymentController#processPayment(PaymentRequest)

Async:
    Async started = false
     Async result = null

Resolved Exception:
             Type = com.restaurantsaas.platform.common.exception.BadRequestException

ModelAndView:
        View name = null
             View = null
            Model = null

FlashMap:
       Attributes = null

MockHttpServletResponse:
           Status = 400
    Error message = null
          Headers = [Vary:"Origin", "Access-Control-Request-Method", "Access-Control-Request-Headers", X-Tenant-ID:"8e39d84a-521a-43d4-bde0-0528ce5b6ce9", X-Branch-ID:"59f31db5-b98f-4ef6-b0a8-5f2d0f0479e3", Content-Type:"application/json", X-Content-Type-Options:"nosniff", X-XSS-Protection:"0", Cache-Control:"no-cache, no-store, max-age=0, must-revalidate", Pragma:"no-cache", Expires:"0", X-Frame-Options:"DENY"]
     Content type = application/json
             Body = {
  "status" : 400,
  "error" : "Bad Request",
  "message" : "Payment could not be verified: No payment gateway is configured for this deployment. Online payments are disabled until a PaymentGatewayProvider (e.g. Stripe/Razorpay) is registered.",
  "path" : "/payments/settle",
  "timestamp" : "2026-09-25T05:03:56.009813907Z"
}
    Forwarded URL = null
   Redirected URL = null
          Cookies = []
]]></system-out>
  </testcase>
</testsuite>